<?xml version="1.0" encoding="UTF-8"?>
<testng-results ignored="0" total="4" passed="4" failed="0" skipped="0">
  <reporter-output>
  </reporter-output>
  <suite started-at="2024-06-23T19:18:23 IST" name="PetSuite" finished-at="2024-06-23T19:18:33 IST" duration-ms="9857">
    <groups>
    </groups>
    <test started-at="2024-06-23T19:18:23 IST" name="PetTests" finished-at="2024-06-23T19:18:33 IST" duration-ms="9857">
      <class name="api.test.UserTests">
        <test-method is-config="true" signature="setupData()[pri:0, instance:api.test.UserTests@3c19aaa5]" started-at="2024-06-23T19:18:24 IST" name="setupData" finished-at="2024-06-23T19:18:25 IST" duration-ms="1170" status="PASS">
          <reporter-output>
          </reporter-output>
        </test-method> <!-- setupData -->
        <test-method signature="testPostUser()[pri:1, instance:api.test.UserTests@3c19aaa5]" started-at="2024-06-23T19:18:25 IST" name="testPostUser" finished-at="2024-06-23T19:18:28 IST" duration-ms="3612" status="PASS">
          <reporter-output>
          </reporter-output>
        </test-method> <!-- testPostUser -->
        <test-method signature="testGetUserByName()[pri:2, instance:api.test.UserTests@3c19aaa5]" started-at="2024-06-23T19:18:28 IST" name="testGetUserByName" finished-at="2024-06-23T19:18:30 IST" duration-ms="1210" status="PASS">
          <reporter-output>
          </reporter-output>
        </test-method> <!-- testGetUserByName -->
        <test-method signature="testUpdateUserByName()[pri:3, instance:api.test.UserTests@3c19aaa5]" started-at="2024-06-23T19:18:30 IST" name="testUpdateUserByName" finished-at="2024-06-23T19:18:32 IST" duration-ms="2363" status="PASS">
          <reporter-output>
          </reporter-output>
        </test-method> <!-- testUpdateUserByName -->
        <test-method signature="testDeleteUser()[pri:4, instance:api.test.UserTests@3c19aaa5]" started-at="2024-06-23T19:18:32 IST" name="testDeleteUser" finished-at="2024-06-23T19:18:33 IST" duration-ms="1184" status="PASS">
          <reporter-output>
          </reporter-output>
        </test-method> <!-- testDeleteUser -->
      </class> <!-- api.test.UserTests -->
    </test> <!-- PetTests -->
  </suite> <!-- PetSuite -->
</testng-results>
