<?xml version="1.0" encoding="UTF-8"?>
<testng-results ignored="0" total="4" passed="4" failed="0" skipped="0">
  <reporter-output>
  </reporter-output>
  <suite started-at="2024-06-23T17:52:03 IST" name="Default suite" finished-at="2024-06-23T17:52:12 IST" duration-ms="9502">
    <groups>
    </groups>
    <test started-at="2024-06-23T17:52:03 IST" name="Default test" finished-at="2024-06-23T17:52:12 IST" duration-ms="9502">
      <class name="api.test.UserTests2">
        <test-method is-config="true" signature="setupData()[pri:0, instance:api.test.UserTests2@35dab4eb]" started-at="2024-06-23T17:52:03 IST" name="setupData" finished-at="2024-06-23T17:52:04 IST" duration-ms="1157" status="PASS">
          <reporter-output>
          </reporter-output>
        </test-method> <!-- setupData -->
        <test-method signature="testPostUser()[pri:1, instance:api.test.UserTests2@35dab4eb]" started-at="2024-06-23T17:52:04 IST" name="testPostUser" finished-at="2024-06-23T17:52:08 IST" duration-ms="3476" status="PASS">
          <reporter-output>
          </reporter-output>
        </test-method> <!-- testPostUser -->
        <test-method signature="testGetUserByName()[pri:2, instance:api.test.UserTests2@35dab4eb]" started-at="2024-06-23T17:52:08 IST" name="testGetUserByName" finished-at="2024-06-23T17:52:09 IST" duration-ms="1195" status="PASS">
          <reporter-output>
          </reporter-output>
        </test-method> <!-- testGetUserByName -->
        <test-method signature="testUpdateUserByName()[pri:3, instance:api.test.UserTests2@35dab4eb]" started-at="2024-06-23T17:52:09 IST" name="testUpdateUserByName" finished-at="2024-06-23T17:52:11 IST" duration-ms="2426" status="PASS">
          <reporter-output>
          </reporter-output>
        </test-method> <!-- testUpdateUserByName -->
        <test-method signature="testDeleteUser()[pri:4, instance:api.test.UserTests2@35dab4eb]" started-at="2024-06-23T17:52:11 IST" name="testDeleteUser" finished-at="2024-06-23T17:52:12 IST" duration-ms="1176" status="PASS">
          <reporter-output>
          </reporter-output>
        </test-method> <!-- testDeleteUser -->
      </class> <!-- api.test.UserTests2 -->
    </test> <!-- Default test -->
  </suite> <!-- Default suite -->
</testng-results>
