<?xml version="1.0" encoding="UTF-8"?>
<!-- Generated by org.testng.reporters.JUnitXMLReporter -->
<testsuite ignored="0" hostname="DESKTOP-6RNNSA7" failures="0" tests="4" name="PetTests" time="9.857" errors="0" timestamp="2024-06-23T19:18:33 IST">
  <testcase classname="api.test.UserTests" name="testPostUser" time="3.612"/>
  <testcase classname="api.test.UserTests" name="testGetUserByName" time="1.21"/>
  <testcase classname="api.test.UserTests" name="testUpdateUserByName" time="2.363"/>
  <testcase classname="api.test.UserTests" name="testDeleteUser" time="1.184"/>
</testsuite> <!-- PetTests -->
