<?xml version="1.0" encoding="UTF-8"?>
<!-- Generated by org.testng.reporters.JUnitXMLReporter -->
<testsuite ignored="0" hostname="DESKTOP-6RNNSA7" failures="0" tests="4" name="PetTests" time="9.615" errors="0" timestamp="2024-06-22T23:13:38 IST">
  <testcase classname="api.test.UserTests" name="testPostUser" time="3.272"/>
  <testcase classname="api.test.UserTests" name="testGetUserByName" time="1.169"/>
  <testcase classname="api.test.UserTests" name="testUpdateUserByName" time="2.446"/>
  <testcase classname="api.test.UserTests" name="testDeleteUser" time="1.208"/>
</testsuite> <!-- PetTests -->
